<?xml version="1.0" encoding="UTF-8"?>
<testsuite name="in.co.gorest.gorestapiInfo.UserCRUDTest" time="11.574" tests="10" errors="2" skipped="0" failures="0">
  <properties>
    <property name="idea.version" value="2021.3.3"/>
    <property name="java.runtime.name" value="Java(TM) SE Runtime Environment"/>
    <property name="sun.boot.library.path" value="C:\Program Files\Java\jdk1.8.0_121\jre\bin"/>
    <property name="java.vm.version" value="25.121-b13"/>
    <property name="java.vm.vendor" value="Oracle Corporation"/>
    <property name="maven.multiModuleProjectDirectory" value="C:\Users\Kalpesh\IdeaProjects\homework-week-18-project-3-gorest-co-in-serenity"/>
    <property name="java.vendor.url" value="http://java.oracle.com/"/>
    <property name="path.separator" value=";"/>
    <property name="guice.disable.misplaced.annotation.check" value="true"/>
    <property name="java.vm.name" value="Java HotSpot(TM) 64-Bit Server VM"/>
    <property name="file.encoding.pkg" value="sun.io"/>
    <property name="user.script" value=""/>
    <property name="user.country" value="IN"/>
    <property name="sun.java.launcher" value="SUN_STANDARD"/>
    <property name="sun.os.patch.level" value=""/>
    <property name="java.vm.specification.name" value="Java Virtual Machine Specification"/>
    <property name="user.dir" value="C:\Users\Kalpesh\IdeaProjects\homework-week-18-project-3-gorest-co-in-serenity"/>
    <property name="java.runtime.version" value="1.8.0_121-b13"/>
    <property name="java.awt.graphicsenv" value="sun.awt.Win32GraphicsEnvironment"/>
    <property name="java.endorsed.dirs" value="C:\Program Files\Java\jdk1.8.0_121\jre\lib\endorsed"/>
    <property name="os.arch" value="amd64"/>
    <property name="java.io.tmpdir" value="C:\Users\Kalpesh\AppData\Local\Temp\"/>
    <property name="line.separator" value="&#10;"/>
    <property name="java.vm.specification.vendor" value="Oracle Corporation"/>
    <property name="user.variant" value=""/>
    <property name="os.name" value="Windows 10"/>
    <property name="maven.ext.class.path" value="C:\Program Files\JetBrains\IntelliJ IDEA Community Edition 2021.3.2\plugins\maven\lib\maven-event-listener.jar"/>
    <property name="classworlds.conf" value="C:\Program Files\JetBrains\IntelliJ IDEA Community Edition 2021.3.2\plugins\maven\lib\maven3\bin\m2.conf"/>
    <property name="sun.jnu.encoding" value="Cp1252"/>
    <property name="java.library.path" value="C:\Program Files\Java\jdk1.8.0_121\bin;C:\WINDOWS\Sun\Java\bin;C:\WINDOWS\system32;C:\WINDOWS;C:\Python310\Scripts\;C:\Python310\;C:\Program Files (x86)\Common Files\Oracle\Java\javapath;C:\ProgramData\Oracle\Java\javapath;C:\WINDOWS\system32;C:\WINDOWS;C:\WINDOWS\System32\Wbem;C:\WINDOWS\System32\WindowsPowerShell\v1.0\;C:\WINDOWS\System32\OpenSSH\;C:\Program Files\Java\jdk1.8.0_121\bin;C:\Program Files\Git\cmd;C:\Program Files\Apache\apache-maven-3.8.5\bin;C:\Program Files\Apache\apache-maven-3.8.5\bin;C:\Program Files\PuTTY\;C:\ProgramData\chocolatey\bin;C:\Program Files\nodejs\;C:\Users\Kalpesh\AppData\Local\Microsoft\WindowsApps;C:\Users\Kalpesh\AppData\Roaming\npm;."/>
    <property name="maven.conf" value="C:\Program Files\JetBrains\IntelliJ IDEA Community Edition 2021.3.2\plugins\maven\lib\maven3/conf"/>
    <property name="java.specification.name" value="Java Platform API Specification"/>
    <property name="java.class.version" value="52.0"/>
    <property name="sun.management.compiler" value="HotSpot 64-Bit Tiered Compilers"/>
    <property name="os.version" value="10.0"/>
    <property name="user.home" value="C:\Users\Kalpesh"/>
    <property name="user.timezone" value="Europe/Paris"/>
    <property name="java.awt.printerjob" value="sun.awt.windows.WPrinterJob"/>
    <property name="java.specification.version" value="1.8"/>
    <property name="file.encoding" value="UTF-8"/>
    <property name="user.name" value="Kalpesh"/>
    <property name="java.class.path" value="C:\Program Files\JetBrains\IntelliJ IDEA Community Edition 2021.3.2\plugins\maven\lib\maven3\boot\plexus-classworlds-2.6.0.jar;C:\Program Files\JetBrains\IntelliJ IDEA Community Edition 2021.3.2\plugins\maven\lib\maven3\boot\plexus-classworlds.license;C:\Program Files\JetBrains\IntelliJ IDEA Community Edition 2021.3.2\lib\idea_rt.jar"/>
    <property name="java.vm.specification.version" value="1.8"/>
    <property name="sun.arch.data.model" value="64"/>
    <property name="java.home" value="C:\Program Files\Java\jdk1.8.0_121\jre"/>
    <property name="sun.java.command" value="org.codehaus.classworlds.Launcher -Didea.version=2021.3.3 clean verify serenity:aggregate"/>
    <property name="java.specification.vendor" value="Oracle Corporation"/>
    <property name="user.language" value="en"/>
    <property name="awt.toolkit" value="sun.awt.windows.WToolkit"/>
    <property name="java.vm.info" value="mixed mode"/>
    <property name="java.version" value="1.8.0_121"/>
    <property name="java.ext.dirs" value="C:\Program Files\Java\jdk1.8.0_121\jre\lib\ext;C:\WINDOWS\Sun\Java\lib\ext"/>
    <property name="sun.boot.class.path" value="C:\Program Files\Java\jdk1.8.0_121\jre\lib\resources.jar;C:\Program Files\Java\jdk1.8.0_121\jre\lib\rt.jar;C:\Program Files\Java\jdk1.8.0_121\jre\lib\sunrsasign.jar;C:\Program Files\Java\jdk1.8.0_121\jre\lib\jsse.jar;C:\Program Files\Java\jdk1.8.0_121\jre\lib\jce.jar;C:\Program Files\Java\jdk1.8.0_121\jre\lib\charsets.jar;C:\Program Files\Java\jdk1.8.0_121\jre\lib\jfr.jar;C:\Program Files\Java\jdk1.8.0_121\jre\classes"/>
    <property name="java.vendor" value="Oracle Corporation"/>
    <property name="maven.home" value="C:\Program Files\JetBrains\IntelliJ IDEA Community Edition 2021.3.2\plugins\maven\lib\maven3"/>
    <property name="file.separator" value="\"/>
    <property name="java.vendor.url.bug" value="http://bugreport.sun.com/bugreport/"/>
    <property name="sun.cpu.endian" value="little"/>
    <property name="sun.io.unicode.encoding" value="UnicodeLittle"/>
    <property name="sun.desktop" value="windows"/>
    <property name="sun.cpu.isalist" value="amd64"/>
  </properties>
  <testcase name="test001" classname="in.co.gorest.gorestapiInfo.UserCRUDTest" time="4.15"/>
  <testcase name="test002" classname="in.co.gorest.gorestapiInfo.UserCRUDTest" time="0.693"/>
  <testcase name="test003" classname="in.co.gorest.gorestapiInfo.UserCRUDTest" time="0.674"/>
  <testcase name="test004" classname="in.co.gorest.gorestapiInfo.UserCRUDTest" time="1.739"/>
  <testcase name="test005" classname="in.co.gorest.gorestapiInfo.UserCRUDTest" time="0.709"/>
  <testcase name="test006" classname="in.co.gorest.gorestapiInfo.UserCRUDTest" time="0.691">
    <error message="Index: 0, Size: 0" type="java.lang.IndexOutOfBoundsException">java.lang.IndexOutOfBoundsException: Index: 0, Size: 0
	at java.util.ArrayList.rangeCheck(ArrayList.java:653)
	at java.util.ArrayList.get(ArrayList.java:429)
	at in.co.gorest.gorestapiInfo.UserCRUDTest.test006(UserCRUDTest.java:84)
</error>
    <system-out><![CDATA[Request method:	GET
Request URI:	https://gorest.co.in/public/v2/users
Proxy:			<none>
Request params:	<none>
Query params:	<none>
Form params:	<none>
Path params:	<none>
Multiparts:		<none>
Headers:		Authorization=Bearer 75c987adac5bd1820e58fb137137e2474501428068d1ec0dd68ae05bcff564c9
				Accept=*/*
				Content-Type=application/json; charset=UTF-8
Cookies:		<none>
Body:			<none>
HTTP/1.1 200 OK
Server: nginx
Date: Tue, 07 Jun 2022 12:45:40 GMT
Content-Type: application/json; charset=utf-8
Transfer-Encoding: chunked
Connection: keep-alive
Vary: Accept-Encoding
X-Frame-Options: SAMEORIGIN
X-XSS-Protection: 0
X-Content-Type-Options: nosniff
X-Download-Options: noopen
X-Permitted-Cross-Domain-Policies: none
Referrer-Policy: strict-origin-when-cross-origin
X-RateLimit-Limit: 90
X-RateLimit-Remaining: 89
X-RateLimit-Reset: 1
X-Pagination-Total: 3761
X-Pagination-Pages: 189
X-Pagination-Page: 1
X-Pagination-Limit: 20
X-Links-Previous: 
X-Links-Current: https://gorest.co.in/public/v2/users?page=1
X-Links-Next: https://gorest.co.in/public/v2/users?page=2
ETag: W/"529523065d46582759847197c6b05bc6"
Cache-Control: max-age=0, private, must-revalidate
X-Request-Id: 8ce67076-6716-4f8d-868b-6ddb95eaf565
X-Runtime: 0.021290
Strict-Transport-Security: max-age=63072000; includeSubDomains
Vary: Origin
Content-Encoding: gzip

[
    {
        "id": 5986,
        "name": "Tenali Ramakrishna11",
        "email": "tenali11.ramakrishna1@gmail.com",
        "gender": "female",
        "status": "active"
    },
    {
        "id": 5982,
        "name": "Tenali Ramakrishna",
        "email": "tenali1.ramakrishna1@gmail.com",
        "gender": "female",
        "status": "active"
    },
    {
        "id": 3829,
        "name": "Chatura Ahluwalia V",
        "email": "ahluwalia_chatura_v@heller-dubuque.io",
        "gender": "female",
        "status": "active"
    },
    {
        "id": 3822,
        "name": "Bankimchandra Desai",
        "email": "bankimchandra_desai@kuhn.info",
        "gender": "female",
        "status": "active"
    },
    {
        "id": 3821,
        "name": "Tanushri Jha",
        "email": "jha_tanushri@wilkinson.info",
        "gender": "female",
        "status": "inactive"
    },
    {
        "id": 3819,
        "name": "Gorakhnath Iyengar",
        "email": "gorakhnath_iyengar@moen.io",
        "gender": "male",
        "status": "inactive"
    },
    {
        "id": 3818,
        "name": "Chidambaram Acharya",
        "email": "chidambaram_acharya@hahn.net",
        "gender": "female",
        "status": "active"
    },
    {
        "id": 3815,
        "name": "Mrs. Digambar Sinha",
        "email": "sinha_mrs_digambar@lockman-sauer.org",
        "gender": "male",
        "status": "active"
    },
    {
        "id": 3813,
        "name": "Rep. Abhirath Joshi",
        "email": "rep_joshi_abhirath@turner.co",
        "gender": "female",
        "status": "active"
    },
    {
        "id": 3812,
        "name": "Jyotis Joshi",
        "email": "jyotis_joshi@schultz-schoen.io",
        "gender": "female",
        "status": "inactive"
    },
    {
        "id": 3811,
        "name": "Aaditya Shukla",
        "email": "aaditya_shukla@stiedemann.co",
        "gender": "male",
        "status": "inactive"
    },
    {
        "id": 3810,
        "name": "Mrs. Kama Mukhopadhyay",
        "email": "mukhopadhyay_kama_mrs@mcclure.org",
        "gender": "male",
        "status": "inactive"
    },
    {
        "id": 3809,
        "name": "Mrs. Ambar Ahluwalia",
        "email": "mrs_ahluwalia_ambar@gislason-hammes.org",
        "gender": "female",
        "status": "inactive"
    },
    {
        "id": 3808,
        "name": "Sarisha Malik",
        "email": "malik_sarisha@marvin.biz",
        "gender": "male",
        "status": "inactive"
    },
    {
        "id": 3807,
        "name": "Rep. Dhaanyalakshmi Kaniyar",
        "email": "rep_dhaanyalakshmi_kaniyar@miller.org",
        "gender": "male",
        "status": "active"
    },
    {
        "id": 3805,
        "name": "Damayanti Prajapat PhD",
        "email": "phd_prajapat_damayanti@kling.biz",
        "gender": "female",
        "status": "inactive"
    },
    {
        "id": 3804,
        "name": "Brajendra Marar",
        "email": "brajendra_marar@kilback.com",
        "gender": "female",
        "status": "inactive"
    },
    {
        "id": 3803,
        "name": "Msgr. Smita Iyer",
        "email": "msgr_smita_iyer@osinski.info",
        "gender": "male",
        "status": "inactive"
    },
    {
        "id": 3802,
        "name": "Vedang Somayaji",
        "email": "somayaji_vedang@carroll.name",
        "gender": "male",
        "status": "active"
    },
    {
        "id": 3801,
        "name": "Dhanpati Reddy",
        "email": "dhanpati_reddy@hilll.net",
        "gender": "female",
        "status": "inactive"
    }
]
]]></system-out>
    <system-err><![CDATA[8532 [main] INFO net.serenitybdd.core.Serenity - 
        __    _____ _____ ____ _____   ____   _    ____  ____  _____ ____  
  _     \ \  |_   _| ____/ ___|_   _| |  _ \ / \  / ___|/ ___|| ____|  _ \ 
 (_)_____| |   | | |  _| \___ \ | |   | |_) / _ \ \___ \\___ \|  _| | | | |
  _|_____| |   | | | |___ ___) || |   |  __/ ___ \ ___) |___) | |___| |_| |
 (_)     | |   |_| |_____|____/ |_|   |_| /_/   \_\____/|____/|_____|____/ 
        /_/                                                                

TEST PASSED: 1. This will Verify if Total record is 20
----------------------------------------------------------------------------
8534 [main] INFO net.serenitybdd.core.Serenity - 
 _____ _____ ____ _____   ____ _____  _    ____ _____ _____ ____  
|_   _| ____/ ___|_   _| / ___|_   _|/ \  |  _ \_   _| ____|  _ \ 
  | | |  _| \___ \ | |   \___ \ | | / _ \ | |_) || | |  _| | | | |
  | | | |___ ___) || |    ___) || |/ ___ \|  _ < | | | |___| |_| |
  |_| |_____|____/ |_|   |____/ |_/_/   \_\_| \_\|_| |_____|____/ 
                                                                  

TEST STARTED: test006
-------------------------------------------------------------------
8534 [main] INFO net.serenitybdd.core.Serenity - TEST NUMBER: 6
]]></system-err>
  </testcase>
  <testcase name="test007" classname="in.co.gorest.gorestapiInfo.UserCRUDTest" time="0.683">
    <error message="Index: 0, Size: 0" type="java.lang.IndexOutOfBoundsException">java.lang.IndexOutOfBoundsException: Index: 0, Size: 0
	at java.util.ArrayList.rangeCheck(ArrayList.java:653)
	at java.util.ArrayList.get(ArrayList.java:429)
	at in.co.gorest.gorestapiInfo.UserCRUDTest.test007(UserCRUDTest.java:92)
</error>
    <system-out><![CDATA[Request method:	GET
Request URI:	https://gorest.co.in/public/v2/users
Proxy:			<none>
Request params:	<none>
Query params:	<none>
Form params:	<none>
Path params:	<none>
Multiparts:		<none>
Headers:		Authorization=Bearer 75c987adac5bd1820e58fb137137e2474501428068d1ec0dd68ae05bcff564c9
				Accept=*/*
				Content-Type=application/json; charset=UTF-8
Cookies:		<none>
Body:			<none>
HTTP/1.1 200 OK
Server: nginx
Date: Tue, 07 Jun 2022 12:45:41 GMT
Content-Type: application/json; charset=utf-8
Transfer-Encoding: chunked
Connection: keep-alive
Vary: Accept-Encoding
X-Frame-Options: SAMEORIGIN
X-XSS-Protection: 0
X-Content-Type-Options: nosniff
X-Download-Options: noopen
X-Permitted-Cross-Domain-Policies: none
Referrer-Policy: strict-origin-when-cross-origin
X-RateLimit-Limit: 90
X-RateLimit-Remaining: 89
X-RateLimit-Reset: 1
X-Pagination-Total: 3761
X-Pagination-Pages: 189
X-Pagination-Page: 1
X-Pagination-Limit: 20
X-Links-Previous: 
X-Links-Current: https://gorest.co.in/public/v2/users?page=1
X-Links-Next: https://gorest.co.in/public/v2/users?page=2
ETag: W/"529523065d46582759847197c6b05bc6"
Cache-Control: max-age=0, private, must-revalidate
X-Request-Id: fc9324e3-627e-4260-a8f6-8683674b79f9
X-Runtime: 0.023586
Strict-Transport-Security: max-age=63072000; includeSubDomains
Vary: Origin
Content-Encoding: gzip

[
    {
        "id": 5986,
        "name": "Tenali Ramakrishna11",
        "email": "tenali11.ramakrishna1@gmail.com",
        "gender": "female",
        "status": "active"
    },
    {
        "id": 5982,
        "name": "Tenali Ramakrishna",
        "email": "tenali1.ramakrishna1@gmail.com",
        "gender": "female",
        "status": "active"
    },
    {
        "id": 3829,
        "name": "Chatura Ahluwalia V",
        "email": "ahluwalia_chatura_v@heller-dubuque.io",
        "gender": "female",
        "status": "active"
    },
    {
        "id": 3822,
        "name": "Bankimchandra Desai",
        "email": "bankimchandra_desai@kuhn.info",
        "gender": "female",
        "status": "active"
    },
    {
        "id": 3821,
        "name": "Tanushri Jha",
        "email": "jha_tanushri@wilkinson.info",
        "gender": "female",
        "status": "inactive"
    },
    {
        "id": 3819,
        "name": "Gorakhnath Iyengar",
        "email": "gorakhnath_iyengar@moen.io",
        "gender": "male",
        "status": "inactive"
    },
    {
        "id": 3818,
        "name": "Chidambaram Acharya",
        "email": "chidambaram_acharya@hahn.net",
        "gender": "female",
        "status": "active"
    },
    {
        "id": 3815,
        "name": "Mrs. Digambar Sinha",
        "email": "sinha_mrs_digambar@lockman-sauer.org",
        "gender": "male",
        "status": "active"
    },
    {
        "id": 3813,
        "name": "Rep. Abhirath Joshi",
        "email": "rep_joshi_abhirath@turner.co",
        "gender": "female",
        "status": "active"
    },
    {
        "id": 3812,
        "name": "Jyotis Joshi",
        "email": "jyotis_joshi@schultz-schoen.io",
        "gender": "female",
        "status": "inactive"
    },
    {
        "id": 3811,
        "name": "Aaditya Shukla",
        "email": "aaditya_shukla@stiedemann.co",
        "gender": "male",
        "status": "inactive"
    },
    {
        "id": 3810,
        "name": "Mrs. Kama Mukhopadhyay",
        "email": "mukhopadhyay_kama_mrs@mcclure.org",
        "gender": "male",
        "status": "inactive"
    },
    {
        "id": 3809,
        "name": "Mrs. Ambar Ahluwalia",
        "email": "mrs_ahluwalia_ambar@gislason-hammes.org",
        "gender": "female",
        "status": "inactive"
    },
    {
        "id": 3808,
        "name": "Sarisha Malik",
        "email": "malik_sarisha@marvin.biz",
        "gender": "male",
        "status": "inactive"
    },
    {
        "id": 3807,
        "name": "Rep. Dhaanyalakshmi Kaniyar",
        "email": "rep_dhaanyalakshmi_kaniyar@miller.org",
        "gender": "male",
        "status": "active"
    },
    {
        "id": 3805,
        "name": "Damayanti Prajapat PhD",
        "email": "phd_prajapat_damayanti@kling.biz",
        "gender": "female",
        "status": "inactive"
    },
    {
        "id": 3804,
        "name": "Brajendra Marar",
        "email": "brajendra_marar@kilback.com",
        "gender": "female",
        "status": "inactive"
    },
    {
        "id": 3803,
        "name": "Msgr. Smita Iyer",
        "email": "msgr_smita_iyer@osinski.info",
        "gender": "male",
        "status": "inactive"
    },
    {
        "id": 3802,
        "name": "Vedang Somayaji",
        "email": "somayaji_vedang@carroll.name",
        "gender": "male",
        "status": "active"
    },
    {
        "id": 3801,
        "name": "Dhanpati Reddy",
        "email": "dhanpati_reddy@hilll.net",
        "gender": "female",
        "status": "inactive"
    }
]
]]></system-out>
    <system-err><![CDATA[9230 [main] ERROR net.serenitybdd.core.Serenity - 
           __  _____ _____ ____ _____   _____ _    ___ _     _____ ____  
  _       / / |_   _| ____/ ___|_   _| |  ___/ \  |_ _| |   | ____|  _ \ 
 (_)_____| |    | | |  _| \___ \ | |   | |_ / _ \  | || |   |  _| | | | |
  _|_____| |    | | | |___ ___) || |   |  _/ ___ \ | || |___| |___| |_| |
 (_)     | |    |_| |_____|____/ |_|   |_|/_/   \_\___|_____|_____|____/ 
          \_\                                                            

TEST FAILED WITH ERROR: 2.id 3838 has name =Chaturbhuj Nehru DVM
---------------------------------------------------------------------
9238 [main] ERROR net.serenitybdd.core.Serenity - Index: 0, Size: 0
9240 [main] INFO net.serenitybdd.core.Serenity - 
 _____ _____ ____ _____   ____ _____  _    ____ _____ _____ ____  
|_   _| ____/ ___|_   _| / ___|_   _|/ \  |  _ \_   _| ____|  _ \ 
  | | |  _| \___ \ | |   \___ \ | | / _ \ | |_) || | |  _| | | | |
  | | | |___ ___) || |    ___) || |/ ___ \|  _ < | | | |___| |_| |
  |_| |_____|____/ |_|   |____/ |_/_/   \_\_| \_\|_| |_____|____/ 
                                                                  

TEST STARTED: test007
-------------------------------------------------------------------
9240 [main] INFO net.serenitybdd.core.Serenity - TEST NUMBER: 7
]]></system-err>
  </testcase>
  <testcase name="test008" classname="in.co.gorest.gorestapiInfo.UserCRUDTest" time="0.67"/>
  <testcase name="test009" classname="in.co.gorest.gorestapiInfo.UserCRUDTest" time="0.67"/>
  <testcase name="test010" classname="in.co.gorest.gorestapiInfo.UserCRUDTest" time="0.895"/>
</testsuite>